CRITICAL - 2022-02-24 23:33:16 --> CodeIgniter\View\View::main(): Failed opening required 'db.php' (include_path='C:\xampp\php\PEAR')
#0 [internal function]: CodeIgniter\Debug\Exceptions->shutdownHandler()
#1 {main}
CRITICAL - 2022-02-24 23:33:41 --> CodeIgniter\View\View::main(): Failed opening required 'db.php' (include_path='C:\xampp\php\PEAR')
#0 [internal function]: CodeIgniter\Debug\Exceptions->shutdownHandler()
#1 {main}
CRITICAL - 2022-02-24 23:37:47 --> CodeIgniter\View\View::main(): Failed opening required 'db.php' (include_path='C:\xampp\php\PEAR')
#0 [internal function]: CodeIgniter\Debug\Exceptions->shutdownHandler()
#1 {main}
CRITICAL - 2022-02-24 23:38:01 --> Call to a member function query() on null
#0 C:\xampp\htdocs\job_offer\system\View\View.php(210): include()
#1 C:\xampp\htdocs\job_offer\system\View\View.php(213): CodeIgniter\View\View->CodeIgniter\View\{closure}()
#2 C:\xampp\htdocs\job_offer\system\Common.php(1089): CodeIgniter\View\View->render('index', Array, true)
#3 C:\xampp\htdocs\job_offer\app\Controllers\Home.php(9): view('index')
#4 C:\xampp\htdocs\job_offer\system\CodeIgniter.php(825): App\Controllers\Home->index()
#5 C:\xampp\htdocs\job_offer\system\CodeIgniter.php(412): CodeIgniter\CodeIgniter->runController(Object(App\Controllers\Home))
#6 C:\xampp\htdocs\job_offer\system\CodeIgniter.php(320): CodeIgniter\CodeIgniter->handleRequest(NULL, Object(Config\Cache), false)
#7 C:\xampp\htdocs\job_offer\index.php(45): CodeIgniter\CodeIgniter->run()
#8 {main}
CRITICAL - 2022-02-24 23:39:24 --> Invalid file: Front/layouts/default.php
#0 C:\xampp\htdocs\job_offer\system\View\View.php(198): CodeIgniter\Exceptions\FrameworkException::forInvalidFile('Front/layouts/d...')
#1 C:\xampp\htdocs\job_offer\system\View\View.php(226): CodeIgniter\View\View->render('Front/layouts/d...', Array, true)
#2 C:\xampp\htdocs\job_offer\system\Common.php(1089): CodeIgniter\View\View->render('index', Array, true)
#3 C:\xampp\htdocs\job_offer\app\Controllers\Home.php(9): view('index')
#4 C:\xampp\htdocs\job_offer\system\CodeIgniter.php(825): App\Controllers\Home->index()
#5 C:\xampp\htdocs\job_offer\system\CodeIgniter.php(412): CodeIgniter\CodeIgniter->runController(Object(App\Controllers\Home))
#6 C:\xampp\htdocs\job_offer\system\CodeIgniter.php(320): CodeIgniter\CodeIgniter->handleRequest(NULL, Object(Config\Cache), false)
#7 C:\xampp\htdocs\job_offer\index.php(45): CodeIgniter\CodeIgniter->run()
#8 {main}
